Arguments: 
  C:\Program Files\nodejs\node.exe C:\Program\node_modules\yarn\bin\yarn.js add vuex@next

PATH: 
  C:\Program Files\Common Files\Oracle\Java\javapath;C:\Windows\system32;C:\Windows;C:\Windows\System32\Wbem;C:\Windows\System32\WindowsPowerShell\v1.0\;C:\Windows\System32\OpenSSH\;C:\Program Files (x86)\NVIDIA Corporation\PhysX\Common;C:\Program Files\NVIDIA Corporation\NVIDIA NvDLISR;C:\C\mingw64\bin;C:\Program Files\Git\cmd;C:\Program Files\nodejs\;C:\WINDOWS\system32;C:\WINDOWS;C:\WINDOWS\System32\Wbem;C:\WINDOWS\System32\WindowsPowerShell\v1.0\;C:\WINDOWS\System32\OpenSSH\;C:\Program Files\Java\jdk-16.0.1\\bin;C:\Program Files\Java\jdk-16.0.1\\jre\bin;C:\Program\node_modules\yarn\bin;C:\Program\bin;C:\Program Files (x86)\NetSarang\Xftp 7\;C:\Program Files (x86)\NetSarang\Xshell 7\;D:\mysql-8.0.27-winx64\bin;D:\MongoDB\Server\5.0\bin;D:\MongoDB\Server\5.0\bin\bin;C:\Users\86136\AppData\Local\Microsoft\WindowsApps;C:\Users\86136\AppData\Local\Programs\Microsoft VS Code\bin;C:\Users\86136\AppData\Roaming\npm;

Yarn version: 
  1.22.10

Node version: 
  14.15.5

Platform: 
  win32 x64

Trace: 
  Error: EPERM: operation not permitted, unlink 'D:\Project\my_blog\node_modules\esbuild\esbuild.exe'

npm manifest: 
  {
    "name": "my_blog",
    "version": "0.0.0",
    "scripts": {
      "dev": "vite",
      "build": "vite build"
    },
    "dependencies": {
      "@element-plus/icons-vue": "^0.2.4",
      "axios": "^0.20.0-0",
      "element-plus": "^1.3.0-beta.1",
      "mockjs": "^1.1.0",
      "typescript": "^4.5.4",
      "vue": "^3.0.4",
      "vue-router": "^4.0.12"
    },
    "devDependencies": {
      "@vue/cli-plugin-typescript": "~4.5.0",
      "@vue/compiler-sfc": "^3.0.4",
      "unplugin-auto-import": "^0.5.5",
      "unplugin-vue-components": "^0.17.11",
      "vite": "^1.0.0-rc.13"
    }
  }

yarn manifest: 
  No manifest

Lockfile: 
  No lockfile
